c:\users\admin\source\repos\directx-supermariobros3\supermariobros3\supermariobros3\debug\vc142.pdb
c:\users\admin\source\repos\directx-supermariobros3\supermariobros3\supermariobros3\debug\vc142.idb
c:\users\admin\source\repos\directx-supermariobros3\supermariobros3\supermariobros3\debug\effectobject.obj
c:\users\admin\source\repos\directx-supermariobros3\supermariobros3\supermariobros3\debug\cvenus.obj
c:\users\admin\source\repos\directx-supermariobros3\supermariobros3\supermariobros3\debug\collisionbox.obj
c:\users\admin\source\repos\directx-supermariobros3\supermariobros3\supermariobros3\debug\coineffect.obj
c:\users\admin\source\repos\directx-supermariobros3\supermariobros3\supermariobros3\debug\coin.obj
c:\users\admin\source\repos\directx-supermariobros3\supermariobros3\supermariobros3\debug\cell.obj
c:\users\admin\source\repos\directx-supermariobros3\supermariobros3\supermariobros3\debug\ccurtain.obj
c:\users\admin\source\repos\directx-supermariobros3\supermariobros3\supermariobros3\debug\cardgift.obj
c:\users\admin\source\repos\directx-supermariobros3\supermariobros3\supermariobros3\debug\card.obj
c:\users\admin\source\repos\directx-supermariobros3\supermariobros3\supermariobros3\debug\camera.obj
c:\users\admin\source\repos\directx-supermariobros3\supermariobros3\supermariobros3\debug\brickeffect.obj
c:\users\admin\source\repos\directx-supermariobros3\supermariobros3\supermariobros3\debug\brick.obj
c:\users\admin\source\repos\directx-supermariobros3\supermariobros3\supermariobros3\debug\boomerangbrother.obj
c:\users\admin\source\repos\directx-supermariobros3\supermariobros3\supermariobros3\debug\boomerang.obj
c:\users\admin\source\repos\directx-supermariobros3\supermariobros3\supermariobros3\debug\block.obj
c:\users\admin\source\repos\directx-supermariobros3\supermariobros3\supermariobros3\debug\baseportal.obj
c:\users\admin\source\repos\directx-supermariobros3\supermariobros3\supermariobros3\debug\arrowitemicon.obj
c:\users\admin\source\repos\directx-supermariobros3\supermariobros3\supermariobros3\debug\animationmanager.obj
c:\users\admin\source\repos\directx-supermariobros3\supermariobros3\supermariobros3\debug\animationframe.obj
c:\users\admin\source\repos\directx-supermariobros3\supermariobros3\supermariobros3\debug\animation.obj
c:\users\admin\source\repos\directx-supermariobros3\supermariobros3\supermariobros3\debug\firemario.obj
c:\users\admin\source\repos\directx-supermariobros3\supermariobros3\supermariobros3\debug\mariofireball.obj
c:\users\admin\source\repos\directx-supermariobros3\supermariobros3\supermariobros3\debug\marioauto.obj
c:\users\admin\source\repos\directx-supermariobros3\supermariobros3\supermariobros3\debug\luigiauto.obj
c:\users\admin\source\repos\directx-supermariobros3\supermariobros3\supermariobros3\debug\label.obj
c:\users\admin\source\repos\directx-supermariobros3\supermariobros3\supermariobros3\debug\introtitle.obj
c:\users\admin\source\repos\directx-supermariobros3\supermariobros3\supermariobros3\debug\introscript.obj
c:\users\admin\source\repos\directx-supermariobros3\supermariobros3\supermariobros3\debug\intro.obj
c:\users\admin\source\repos\directx-supermariobros3\supermariobros3\supermariobros3\debug\hud.obj
c:\users\admin\source\repos\directx-supermariobros3\supermariobros3\supermariobros3\debug\helpitem.obj
c:\users\admin\source\repos\directx-supermariobros3\supermariobros3\supermariobros3\debug\grid.obj
c:\users\admin\source\repos\directx-supermariobros3\supermariobros3\supermariobros3\debug\greenparakoopa.obj
c:\users\admin\source\repos\directx-supermariobros3\supermariobros3\supermariobros3\debug\grass.obj
c:\users\admin\source\repos\directx-supermariobros3\supermariobros3\supermariobros3\debug\graph.obj
c:\users\admin\source\repos\directx-supermariobros3\supermariobros3\supermariobros3\debug\goaleffects.obj
c:\users\admin\source\repos\directx-supermariobros3\supermariobros3\supermariobros3\debug\gametimer.obj
c:\users\admin\source\repos\directx-supermariobros3\supermariobros3\supermariobros3\debug\font.obj
c:\users\admin\source\repos\directx-supermariobros3\supermariobros3\supermariobros3\debug\fireflower.obj
c:\users\admin\source\repos\directx-supermariobros3\supermariobros3\supermariobros3\debug\enemy.obj
c:\users\admin\source\repos\directx-supermariobros3\supermariobros3\supermariobros3\debug\emptyblock.obj
c:\users\admin\source\repos\directx-supermariobros3\supermariobros3\supermariobros3\debug\mariocollisionbox.obj
c:\users\admin\source\repos\directx-supermariobros3\supermariobros3\supermariobros3\debug\mario.obj
c:\users\admin\source\repos\directx-supermariobros3\supermariobros3\supermariobros3\debug\map.obj
c:\users\admin\source\repos\directx-supermariobros3\supermariobros3\supermariobros3\debug\main.obj
c:\users\admin\source\repos\directx-supermariobros3\supermariobros3\supermariobros3\debug\leafeffect.obj
c:\users\admin\source\repos\directx-supermariobros3\supermariobros3\supermariobros3\debug\koopashell.obj
c:\users\admin\source\repos\directx-supermariobros3\supermariobros3\supermariobros3\debug\koopa.obj
c:\users\admin\source\repos\directx-supermariobros3\supermariobros3\supermariobros3\debug\keyeventhandler.obj
c:\users\admin\source\repos\directx-supermariobros3\supermariobros3\supermariobros3\debug\keyboardmanager.obj
c:\users\admin\source\repos\directx-supermariobros3\supermariobros3\supermariobros3\debug\istate.obj
c:\users\admin\source\repos\directx-supermariobros3\supermariobros3\supermariobros3\debug\holdable.obj
c:\users\admin\source\repos\directx-supermariobros3\supermariobros3\supermariobros3\debug\hiteffects.obj
c:\users\admin\source\repos\directx-supermariobros3\supermariobros3\supermariobros3\debug\greenkoopashell.obj
c:\users\admin\source\repos\directx-supermariobros3\supermariobros3\supermariobros3\debug\greenkoopa.obj
c:\users\admin\source\repos\directx-supermariobros3\supermariobros3\supermariobros3\debug\goomba.obj
c:\users\admin\source\repos\directx-supermariobros3\supermariobros3\supermariobros3\debug\gift.obj
c:\users\admin\source\repos\directx-supermariobros3\supermariobros3\supermariobros3\debug\ghostplatform.obj
c:\users\admin\source\repos\directx-supermariobros3\supermariobros3\supermariobros3\debug\gameobject.obj
c:\users\admin\source\repos\directx-supermariobros3\supermariobros3\supermariobros3\debug\gamekeyeventhandler.obj
c:\users\admin\source\repos\directx-supermariobros3\supermariobros3\supermariobros3\debug\game.obj
c:\users\admin\source\repos\directx-supermariobros3\supermariobros3\supermariobros3\debug\questionblock.obj
c:\users\admin\source\repos\directx-supermariobros3\supermariobros3\supermariobros3\debug\pswitch.obj
c:\users\admin\source\repos\directx-supermariobros3\supermariobros3\supermariobros3\debug\portal.obj
c:\users\admin\source\repos\directx-supermariobros3\supermariobros3\supermariobros3\debug\pmeter.obj
c:\users\admin\source\repos\directx-supermariobros3\supermariobros3\supermariobros3\debug\plant.obj
c:\users\admin\source\repos\directx-supermariobros3\supermariobros3\supermariobros3\debug\piranha.obj
c:\users\admin\source\repos\directx-supermariobros3\supermariobros3\supermariobros3\debug\pipe.obj
c:\users\admin\source\repos\directx-supermariobros3\supermariobros3\supermariobros3\debug\picon.obj
c:\users\admin\source\repos\directx-supermariobros3\supermariobros3\supermariobros3\debug\physicsbody.obj
c:\users\admin\source\repos\directx-supermariobros3\supermariobros3\supermariobros3\debug\parakoopa.obj
c:\users\admin\source\repos\directx-supermariobros3\supermariobros3\supermariobros3\debug\objectpool.obj
c:\users\admin\source\repos\directx-supermariobros3\supermariobros3\supermariobros3\debug\nodemap.obj
c:\users\admin\source\repos\directx-supermariobros3\supermariobros3\supermariobros3\debug\node.obj
c:\users\admin\source\repos\directx-supermariobros3\supermariobros3\supermariobros3\debug\mushroomeffect.obj
c:\users\admin\source\repos\directx-supermariobros3\supermariobros3\supermariobros3\debug\movingplatform.obj
c:\users\admin\source\repos\directx-supermariobros3\supermariobros3\supermariobros3\debug\misc.obj
c:\users\admin\source\repos\directx-supermariobros3\supermariobros3\supermariobros3\debug\menu.obj
c:\users\admin\source\repos\directx-supermariobros3\supermariobros3\supermariobros3\debug\marioscript.obj
c:\users\admin\source\repos\directx-supermariobros3\supermariobros3\supermariobros3\debug\mariomap.obj
c:\users\admin\source\repos\directx-supermariobros3\supermariobros3\supermariobros3\debug\mariocontroller.obj
c:\users\admin\source\repos\directx-supermariobros3\supermariobros3\supermariobros3\debug\supermario.obj
c:\users\admin\source\repos\directx-supermariobros3\supermariobros3\supermariobros3\debug\statemachine.obj
c:\users\admin\source\repos\directx-supermariobros3\supermariobros3\supermariobros3\debug\startitem.obj
c:\users\admin\source\repos\directx-supermariobros3\supermariobros3\supermariobros3\debug\spritemanager.obj
c:\users\admin\source\repos\directx-supermariobros3\supermariobros3\supermariobros3\debug\sprite.obj
c:\users\admin\source\repos\directx-supermariobros3\supermariobros3\supermariobros3\debug\solidbox.obj
c:\users\admin\source\repos\directx-supermariobros3\supermariobros3\supermariobros3\debug\smallmario.obj
c:\users\admin\source\repos\directx-supermariobros3\supermariobros3\supermariobros3\debug\scoreeffect.obj
c:\users\admin\source\repos\directx-supermariobros3\supermariobros3\supermariobros3\debug\scenemanager.obj
c:\users\admin\source\repos\directx-supermariobros3\supermariobros3\supermariobros3\debug\scenegate.obj
c:\users\admin\source\repos\directx-supermariobros3\supermariobros3\supermariobros3\debug\scene4.obj
c:\users\admin\source\repos\directx-supermariobros3\supermariobros3\supermariobros3\debug\scene1.obj
c:\users\admin\source\repos\directx-supermariobros3\supermariobros3\supermariobros3\debug\scene.obj
c:\users\admin\source\repos\directx-supermariobros3\supermariobros3\supermariobros3\debug\redparakoopa.obj
c:\users\admin\source\repos\directx-supermariobros3\supermariobros3\supermariobros3\debug\redparagoomba.obj
c:\users\admin\source\repos\directx-supermariobros3\supermariobros3\supermariobros3\debug\redkoopashell.obj
c:\users\admin\source\repos\directx-supermariobros3\supermariobros3\supermariobros3\debug\redkoopa.obj
c:\users\admin\source\repos\directx-supermariobros3\supermariobros3\supermariobros3\debug\redgoomba.obj
c:\users\admin\source\repos\directx-supermariobros3\supermariobros3\supermariobros3\debug\raccoonmario.obj
c:\users\admin\source\repos\directx-supermariobros3\supermariobros3\supermariobros3\debug\raccoontailbox.obj
c:\users\admin\source\repos\directx-supermariobros3\supermariobros3\supermariobros3\debug\venusred.obj
c:\users\admin\source\repos\directx-supermariobros3\supermariobros3\supermariobros3\debug\venusgreen.obj
c:\users\admin\source\repos\directx-supermariobros3\supermariobros3\supermariobros3\debug\venusfireball.obj
c:\users\admin\source\repos\directx-supermariobros3\supermariobros3\supermariobros3\debug\ultis.obj
c:\users\admin\source\repos\directx-supermariobros3\supermariobros3\supermariobros3\debug\uicamera.obj
c:\users\admin\source\repos\directx-supermariobros3\supermariobros3\supermariobros3\debug\tinyxmlparser.obj
c:\users\admin\source\repos\directx-supermariobros3\supermariobros3\supermariobros3\debug\tinyxmlerror.obj
c:\users\admin\source\repos\directx-supermariobros3\supermariobros3\supermariobros3\debug\tinyxml.obj
c:\users\admin\source\repos\directx-supermariobros3\supermariobros3\supermariobros3\debug\tinystr.obj
c:\users\admin\source\repos\directx-supermariobros3\supermariobros3\supermariobros3\debug\tilemap.obj
c:\users\admin\source\repos\directx-supermariobros3\supermariobros3\supermariobros3\debug\threeanimation.obj
c:\users\admin\source\repos\directx-supermariobros3\supermariobros3\supermariobros3\debug\texturemanager.obj
c:\users\admin\source\repos\directx-supermariobros3\supermariobros3\supermariobros3\debug\tangoomba.obj
c:\users\admin\source\repos\directx-supermariobros3\supermariobros3\debug\supermariobros3.ilk
c:\users\admin\source\repos\directx-supermariobros3\supermariobros3\debug\supermariobros3.exe
c:\users\admin\source\repos\directx-supermariobros3\supermariobros3\debug\supermariobros3.pdb
c:\users\admin\source\repos\directx-supermariobros3\supermariobros3\supermariobros3\debug\supermariobros3.res
c:\users\admin\source\repos\directx-supermariobros3\supermariobros3\supermariobros3\debug\supermariobros3.tlog\cl.command.1.tlog
c:\users\admin\source\repos\directx-supermariobros3\supermariobros3\supermariobros3\debug\supermariobros3.tlog\cl.read.1.tlog
c:\users\admin\source\repos\directx-supermariobros3\supermariobros3\supermariobros3\debug\supermariobros3.tlog\cl.write.1.tlog
c:\users\admin\source\repos\directx-supermariobros3\supermariobros3\supermariobros3\debug\supermariobros3.tlog\link.command.1.tlog
c:\users\admin\source\repos\directx-supermariobros3\supermariobros3\supermariobros3\debug\supermariobros3.tlog\link.read.1.tlog
c:\users\admin\source\repos\directx-supermariobros3\supermariobros3\supermariobros3\debug\supermariobros3.tlog\link.write.1.tlog
c:\users\admin\source\repos\directx-supermariobros3\supermariobros3\supermariobros3\debug\supermariobros3.tlog\rc.command.1.tlog
c:\users\admin\source\repos\directx-supermariobros3\supermariobros3\supermariobros3\debug\supermariobros3.tlog\rc.read.1.tlog
c:\users\admin\source\repos\directx-supermariobros3\supermariobros3\supermariobros3\debug\supermariobros3.tlog\rc.write.1.tlog
